[
  {
    "line": 1,
    "elements": [
      {
        "start_timestamp": "2021-09-30T01:02:12.937Z",
        "before": [
          {
            "result": {
              "duration": 10652681000,
              "status": "passed"
            },
            "match": {
              "location": "stepDefinition.Hooksteps.openBrowser()"
            }
          }
        ],
        "line": 3,
        "name": "Validate user is able to sign up",
        "description": "",
        "id": "sign-up;validate-user-is-able-to-sign-up",
        "after": [
          {
            "result": {
              "error_message": "org.openqa.selenium.NoSuchWindowException: no such window: target window already closed\nfrom unknown error: web view not found\n  (Session info: chrome\u003d94.0.4606.61)\nBuild info: version: \u00273.141.59\u0027, revision: \u0027e82be7d358\u0027, time: \u00272018-11-14T08:17:03\u0027\nSystem info: host: \u0027Duhas-Air\u0027, ip: \u0027fe80:0:0:0:1048:fefd:5437:e7f5%en0\u0027, os.name: \u0027Mac OS X\u0027, os.arch: \u0027x86_64\u0027, os.version: \u002711.4\u0027, java.version: \u002716.0.1\u0027\nDriver info: org.openqa.selenium.chrome.ChromeDriver\nCapabilities {acceptInsecureCerts: false, browserName: chrome, browserVersion: 94.0.4606.61, chrome: {chromedriverVersion: 94.0.4606.61 (418b78f5838ed..., userDataDir: /var/folders/jv/rwcjhkmn7gq...}, goog:chromeOptions: {debuggerAddress: localhost:57800}, javascriptEnabled: true, networkConnectionEnabled: false, pageLoadStrategy: normal, platform: MAC, platformName: MAC, proxy: Proxy(), setWindowRect: true, strictFileInteractability: false, timeouts: {implicit: 0, pageLoad: 300000, script: 30000}, unhandledPromptBehavior: dismiss and notify, webauthn:extension:credBlob: true, webauthn:extension:largeBlob: true, webauthn:virtualAuthenticators: true}\nSession ID: c9da2736115080fcd1e4831d6ee4407c\n\tat java.base/jdk.internal.reflect.NativeConstructorAccessorImpl.newInstance0(Native Method)\n\tat java.base/jdk.internal.reflect.NativeConstructorAccessorImpl.newInstance(NativeConstructorAccessorImpl.java:78)\n\tat java.base/jdk.internal.reflect.DelegatingConstructorAccessorImpl.newInstance(DelegatingConstructorAccessorImpl.java:45)\n\tat java.base/java.lang.reflect.Constructor.newInstanceWithCaller(Constructor.java:499)\n\tat java.base/java.lang.reflect.Constructor.newInstance(Constructor.java:480)\n\tat org.openqa.selenium.remote.http.W3CHttpResponseCodec.createException(W3CHttpResponseCodec.java:187)\n\tat org.openqa.selenium.remote.http.W3CHttpResponseCodec.decode(W3CHttpResponseCodec.java:122)\n\tat org.openqa.selenium.remote.http.W3CHttpResponseCodec.decode(W3CHttpResponseCodec.java:49)\n\tat org.openqa.selenium.remote.HttpCommandExecutor.execute(HttpCommandExecutor.java:158)\n\tat org.openqa.selenium.remote.service.DriverCommandExecutor.execute(DriverCommandExecutor.java:83)\n\tat org.openqa.selenium.remote.RemoteWebDriver.execute(RemoteWebDriver.java:552)\n\tat org.openqa.selenium.remote.RemoteWebDriver.execute(RemoteWebDriver.java:609)\n\tat org.openqa.selenium.remote.RemoteWebDriver.getScreenshotAs(RemoteWebDriver.java:295)\n\tat stepDefinition.Hooksteps.tearDown(Hooksteps.java:51)\n",
              "duration": 160783000,
              "status": "failed"
            },
            "match": {
              "location": "stepDefinition.Hooksteps.tearDown(io.cucumber.java.Scenario)"
            }
          }
        ],
        "type": "scenario",
        "keyword": "Scenario",
        "steps": [
          {
            "result": {
              "duration": 11315217000,
              "status": "passed"
            },
            "line": 4,
            "name": "user navigates to emailfake website",
            "match": {
              "location": "stepDefinition.UserSignUp.user_navigates_to_emailfake_website()"
            },
            "keyword": "Given "
          },
          {
            "result": {
              "duration": 2249149000,
              "status": "passed"
            },
            "line": 5,
            "name": "copy the generated email",
            "match": {
              "location": "stepDefinition.UserSignUp.copy_the_generated_email()"
            },
            "keyword": "And "
          },
          {
            "result": {
              "duration": 16973988000,
              "status": "passed"
            },
            "line": 6,
            "name": "user navigates to alteon website in a new tab",
            "match": {
              "location": "stepDefinition.UserSignUp.user_navigates_to_alteon_website_in_a_new_tab()"
            },
            "keyword": "Then "
          },
          {
            "result": {
              "duration": 3220948000,
              "status": "passed"
            },
            "line": 7,
            "name": "user fills in \u0027first_name\u0027, \u0027last_name\u0027, email, phonenumber \u00273471231234\u0027 and \u0027password\u0027",
            "match": {
              "arguments": [
                {
                  "val": "\u0027first_name\u0027",
                  "offset": 14
                },
                {
                  "val": "\u0027last_name\u0027",
                  "offset": 28
                },
                {
                  "val": "\u00273471231234\u0027",
                  "offset": 60
                },
                {
                  "val": "\u0027password\u0027",
                  "offset": 77
                }
              ],
              "location": "stepDefinition.UserSignUp.user_fills_in_email_phonenumber_and(java.lang.String,java.lang.String,java.lang.String,java.lang.String)"
            },
            "keyword": "When "
          },
          {
            "result": {
              "error_message": "org.openqa.selenium.NoSuchElementException: Cannot locate an element using xpath\u003d//*[contains(text(),\u0027Verify Email\u0027)]\nFor documentation on this error, please visit: https://www.seleniumhq.org/exceptions/no_such_element.html\nBuild info: version: \u00273.141.59\u0027, revision: \u0027e82be7d358\u0027, time: \u00272018-11-14T08:17:03\u0027\nSystem info: host: \u0027Duhas-Air\u0027, ip: \u0027fe80:0:0:0:1048:fefd:5437:e7f5%en0\u0027, os.name: \u0027Mac OS X\u0027, os.arch: \u0027x86_64\u0027, os.version: \u002711.4\u0027, java.version: \u002716.0.1\u0027\nDriver info: driver.version: RemoteWebDriver\n\tat org.openqa.selenium.remote.RemoteWebDriver.findElement(RemoteWebDriver.java:327)\n\tat org.openqa.selenium.remote.RemoteWebDriver.findElementByXPath(RemoteWebDriver.java:428)\n\tat org.openqa.selenium.By$ByXPath.findElement(By.java:353)\n\tat org.openqa.selenium.remote.RemoteWebDriver.findElement(RemoteWebDriver.java:315)\n\tat org.openqa.selenium.support.pagefactory.DefaultElementLocator.findElement(DefaultElementLocator.java:69)\n\tat org.openqa.selenium.support.pagefactory.internal.LocatingElementHandler.invoke(LocatingElementHandler.java:38)\n\tat jdk.proxy2/jdk.proxy2.$Proxy24.getText(Unknown Source)\n\tat pageObjectModel.SignUp_POM.ClickCreateAnAccount(SignUp_POM.java:110)\n\tat stepDefinition.UserSignUp.clicks_on_button(UserSignUp.java:49)\n\tat âœ½.clicks on \u0027Create an Account\u0027 button(file:///Users/duhachowdhury/eclipse-workspace/AlteonIo/src/test/java/Features/SignUp.feature:8)\n",
              "duration": 11235470000,
              "status": "failed"
            },
            "line": 8,
            "name": "clicks on \u0027Create an Account\u0027 button",
            "match": {
              "arguments": [
                {
                  "val": "\u0027Create an Account\u0027",
                  "offset": 10
                }
              ],
              "location": "stepDefinition.UserSignUp.clicks_on_button(java.lang.String)"
            },
            "keyword": "And "
          },
          {
            "result": {
              "duration": 28000,
              "status": "skipped"
            },
            "line": 9,
            "name": "user navigates back to EmailFake website to activate account",
            "match": {
              "location": "stepDefinition.UserSignUp.user_navigates_back_to_EmailFake_website_to_activate_account()"
            },
            "keyword": "Then "
          },
          {
            "result": {
              "duration": 6000,
              "status": "skipped"
            },
            "line": 10,
            "name": "user clicks on \"verify email\" button",
            "match": {
              "arguments": [
                {
                  "val": "\"verify email\"",
                  "offset": 15
                }
              ],
              "location": "stepDefinition.UserSignUp.user_clicks_on_button(java.lang.String)"
            },
            "keyword": "And "
          },
          {
            "result": {
              "duration": 6000,
              "status": "skipped"
            },
            "line": 11,
            "name": "user is taken to alteon website in new tab",
            "match": {
              "location": "stepDefinition.UserSignUp.user_is_taken_to_alteon_website_in_new_tab()"
            },
            "keyword": "Then "
          },
          {
            "result": {
              "duration": 6000,
              "status": "skipped"
            },
            "line": 12,
            "name": "Account Verified message is displayed",
            "match": {
              "location": "stepDefinition.UserSignUp.account_verified_message_is_displayed()"
            },
            "keyword": "And "
          }
        ]
      }
    ],
    "name": "Sign Up",
    "description": "",
    "id": "sign-up",
    "keyword": "Feature",
    "uri": "file:src/test/java/Features/SignUp.feature",
    "tags": []
  }
]